-------------------------------------------------------------------------------
Test set: com.ibc.keycloak.SpringBootKeycloakExampleApplicationTests
-------------------------------------------------------------------------------
Tests run: 1, Failures: 0, Errors: 1, Skipped: 0, Time elapsed: 3.596 s <<< FAILURE! - in com.ibc.keycloak.SpringBootKeycloakExampleApplicationTests
contextLoads  Time elapsed: 0.01 s  <<< ERROR!
java.lang.IllegalStateException: Failed to load ApplicationContext
Caused by: org.springframework.beans.factory.BeanCreationException: 
Error creating bean with name 'requestMappingHandlerMapping' defined in class path resource [org/springframework/boot/autoconfigure/web/servlet/WebMvcAutoConfiguration$EnableWebMvcConfiguration.class]: Invocation of init method failed; nested exception is java.lang.IllegalStateException: Ambiguous mapping. Cannot map 'springBootKeycloakExampleApplication' method 
com.ibc.keycloak.SpringBootKeycloakExampleApplication#admins()
to {GET [/users]}: There is already 'springBootKeycloakExampleApplication' bean method
com.ibc.keycloak.SpringBootKeycloakExampleApplication#users() mapped.
Caused by: java.lang.IllegalStateException: 
Ambiguous mapping. Cannot map 'springBootKeycloakExampleApplication' method 
com.ibc.keycloak.SpringBootKeycloakExampleApplication#admins()
to {GET [/users]}: There is already 'springBootKeycloakExampleApplication' bean method
com.ibc.keycloak.SpringBootKeycloakExampleApplication#users() mapped.

